0 verbose cli C:\Program Files\nodejs\node.exe C:\Users\Vatoko\AppData\Roaming\npm\node_modules\npm\bin\npm-cli.js
1 info using npm@11.7.0
2 info using node@v22.14.0
3 silly config load:file:C:\Users\Vatoko\AppData\Roaming\npm\node_modules\npm\npmrc
4 silly config load:file:C:\Users\Vatoko\AppData\Local\Microsoft\TypeScript\5.9\.npmrc
5 silly config load:file:C:\Users\Vatoko\.npmrc
6 silly config load:file:C:\Users\Vatoko\AppData\Roaming\npm\etc\npmrc
7 verbose title npm install types-registry@latest
8 verbose argv "install" "--ignore-scripts" "types-registry@latest"
9 verbose logfile logs-max:10 dir:F:\CursorProjects\clubtac-web\cache\npm\_logs\2026-01-28T01_42_09_949Z-
10 verbose logfile F:\CursorProjects\clubtac-web\cache\npm\_logs\2026-01-28T01_42_09_949Z-debug-0.log
11 silly logfile start cleaning logs, removing 1 files
12 silly packumentCache heap:4345298944 maxSize:1086324736 maxEntrySize:543162368
13 silly logfile done cleaning log files
14 silly packumentCache corgi:https://registry.npmjs.org/types-registry cache-miss
15 http fetch GET 200 https://registry.npmjs.org/types-registry 1003ms (cache miss)
16 silly packumentCache corgi:https://registry.npmjs.org/types-registry set size:undefined disposed:false
17 silly idealTree buildDeps
18 silly fetch manifest types-registry@0.1.754
19 silly packumentCache full:https://registry.npmjs.org/types-registry cache-miss
20 http fetch GET 200 https://registry.npmjs.org/types-registry 254ms (cache miss)
21 silly packumentCache full:https://registry.npmjs.org/types-registry set size:undefined disposed:false
22 silly placeDep ROOT types-registry@0.1.754 REPLACE for:  want: 0.1.754
23 silly reify mark retired [
23 silly reify   'C:\\Users\\Vatoko\\AppData\\Local\\Microsoft\\TypeScript\\5.9\\node_modules\\types-registry'
23 silly reify ]
24 silly reify moves {
24 silly reify   'C:\\Users\\Vatoko\\AppData\\Local\\Microsoft\\TypeScript\\5.9\\node_modules\\types-registry': 'C:\\Users\\Vatoko\\AppData\\Local\\Microsoft\\TypeScript\\5.9\\node_modules\\.types-registry-vxnR71oQ'
24 silly reify }
25 silly audit bulk request {
25 silly audit   '@types/estree': [ '1.0.8' ],
25 silly audit   '@types/json-schema': [ '7.0.15' ],
25 silly audit   '@types/node': [ '24.10.1' ],
25 silly audit   '@types/react': [ '19.2.7' ],
25 silly audit   '@types/react-dom': [ '19.2.3' ],
25 silly audit   csstype: [ '3.2.3' ],
25 silly audit   'undici-types': [ '7.16.0' ],
25 silly audit   'types-registry': [ '0.1.754' ]
25 silly audit }
26 http cache types-registry@https://registry.npmjs.org/types-registry/-/types-registry-0.1.754.tgz 0ms (cache hit)
27 silly tarball no local data for types-registry@https://registry.npmjs.org/types-registry/-/types-registry-0.1.754.tgz. Extracting by manifest.
28 http fetch POST 200 https://registry.npmjs.org/-/npm/v1/security/advisories/bulk 458ms
29 silly audit report {}
30 http fetch GET 200 https://registry.npmjs.org/types-registry/-/types-registry-0.1.754.tgz 1478ms (cache miss)
31 silly CHANGE node_modules/types-registry
32 verbose cwd C:\Users\Vatoko\AppData\Local\Microsoft\TypeScript\5.9
33 verbose os Windows_NT 10.0.26100
34 verbose node v22.14.0
35 verbose npm  v11.7.0
36 verbose exit 0
37 info ok
